<?xml version="1.0" encoding="UTF-8"?>
<!-- Generated by org.testng.reporters.JUnitReportReporter -->
<testsuite hostname="MacBookArt.local" name="OST_TEST.OstTestPost.AppTest" tests="4" failures="0" timestamp="6 Aug 2016 18:19:17 GMT" time="16.540" errors="0">
  <testcase name="loginSource" time="4.835" classname="OST_TEST.OstTestPost.AppTest"/>
  <testcase name="goToPOst" time="2.300" classname="OST_TEST.OstTestPost.AppTest"/>
  <testcase name="openSource" time="8.341" classname="OST_TEST.OstTestPost.AppTest"/>
  <testcase name="howManyLetters" time="1.064" classname="OST_TEST.OstTestPost.AppTest"/>
</testsuite> <!-- OST_TEST.OstTestPost.AppTest -->
